Diagnose log at 2023-11-09T07:34:19Z

AppPath: C:\Program Files\Git\mingw64\bin\git-credential-manager.exe
InstallDir: C:\Program Files\Git\mingw64\bin\
Version: 2.3.2

------------
Diagnostic: Environment
Skipped: False
Success: True
Exception: None
Log:
OSType: Windows
OSVersion: 10.0 (build 22621)
Reading environment variables... OK
 Variables:
HOMEPATH=\Users\famancini
DriverData=C:\Windows\System32\Drivers\DriverData
COMPUTERNAME=INV-89484
MSYSTEM=MINGW64
CommonProgramFiles(x86)=C:\Program Files (x86)\Common Files
OneDrive=C:\Users\famancini\OneDrive - Presidenza del Consiglio dei ministri
TMP=C:\Users\FAMANC~1\AppData\Local\Temp
HOME=C:\Users\famancini
PROCESSOR_REVISION=8c01
PATHEXT=.COM;.EXE;.BAT;.CMD;.VBS;.VBE;.JS;.JSE;.WSF;.WSH;.MSC;.CPL
GIT_ASKPASS=c:\Users\famancini\AppData\Local\Programs\Microsoft VS Code\resources\app\extensions\git\dist\askpass.sh
GIT_EXEC_PATH=C:/Program Files/Git/mingw64/libexec/git-core
TEMP=C:\Users\FAMANC~1\AppData\Local\Temp
LOCALAPPDATA=C:\Users\famancini\AppData\Local
PUBLIC=C:\Users\Public
TERM=xterm-256color
PROCESSOR_IDENTIFIER=Intel64 Family 6 Model 140 Stepping 1, GenuineIntel
ProgramW6432=C:\Program Files
JAVA_HOME=C:\Program Files\Java\jdk-19\
USERDOMAIN=PCM
ProgramFiles(x86)=C:\Program Files (x86)
Path=C:/Program Files/Git/mingw64/libexec/git-core;C:\Program Files\Git\mingw64\bin;C:\Program Files\Git\usr\bin;C:\Users\famancini\bin;C:\WINDOWS\system32;C:\WINDOWS;C:\WINDOWS\System32\Wbem;C:\WINDOWS\System32\WindowsPowerShell\v1.0\;C:\WINDOWS\System32\OpenSSH\;C:\Program Files\Java\jdk-19\bin;C:\dev\nodejs\;C:\Program Files\Git\cmd;C:\Users\famancini\AppData\Local\Programs\Python\Python38;C:\Program Files (x86)\Windows Kits\10\Windows Performance Toolkit\;C:\Users\famancini\AppData\Local\Programs\Python\Python38\Scripts\;C:\Users\famancini\AppData\Local\Programs\Python\Python38\;C:\Users\famancini\AppData\Local\Programs\Python\Launcher\;C:\Users\famancini\AppData\Local\Microsoft\WindowsApps;C:\Users\famancini\AppData\Local\Programs\Microsoft VS Code\bin;C:\Users\famancini\AppData\Roaming\npm;C:\dev\flutter\bin;C:\Users\famancini\AppData\Local\GitHubDesktop\bin;C:\Users\famancini\AppData\Local\InfoCert\GoSign Desktop\RAO;C:\Program Files\sf\bin
USERDNSDOMAIN=pcm.it
TERM_PROGRAM=vscode
PROCESSOR_LEVEL=6
NUMBER_OF_PROCESSORS=8
TMPDIR=C:\Users\FAMANC~1\AppData\Local\Temp
VSCODE_GIT_ASKPASS_EXTRA_ARGS=--ms-enable-electron-run-as-node
TERM_PROGRAM_VERSION=1.76.2
VSCODE_GIT_ASKPASS_MAIN=c:\Users\famancini\AppData\Local\Programs\Microsoft VS Code\resources\app\extensions\git\dist\askpass-main.js
PSModulePath=C:\Users\famancini\OneDrive - Presidenza del Consiglio dei ministri\Documenti\WindowsPowerShell\Modules;C:\Program Files\WindowsPowerShell\Modules;C:\WINDOWS\system32\WindowsPowerShell\v1.0\Modules
VSCODE_GIT_IPC_HANDLE=\\.\pipe\vscode-git-c9a713850a-sock
FPS_BROWSER_USER_PROFILE_STRING=Default
CommonProgramFiles=C:\Program Files (x86)\Common Files
VSCODE_INJECTION=1
CHROME_CRASHPAD_PIPE_NAME=\\.\pipe\LOCAL\crashpad_15488_DSAZXAZLYSMSITLW
EFC_836=1
PLINK_PROTOCOL=ssh
ProgramData=C:\ProgramData
MSYS=disable_pcon
ProgramFiles=C:\Program Files (x86)
GIT_TRACE2_PARENT_SID=c07a60af-0af2-41f9-9ce2-3fa0ff9bbad0
VSCODE_GIT_ASKPASS_NODE=C:\Users\famancini\AppData\Local\Programs\Microsoft VS Code\Code.exe
SystemRoot=C:\WINDOWS
ORIGINAL_XDG_CURRENT_DESKTOP=undefined
SESSIONNAME=Console
CommonProgramW6432=C:\Program Files\Common Files
ZES_ENABLE_SYSMAN=1
LOGONSERVER=\\INV-89484
USERPROFILE=C:\Users\famancini
COLORTERM=truecolor
USERDOMAIN_ROAMINGPROFILE=PCM
APPDATA=C:\Users\famancini\AppData\Roaming
HOMEDRIVE=C:
OneDriveCommercial=C:\Users\famancini\OneDrive - Presidenza del Consiglio dei ministri
USERNAME=famancini
PROCESSOR_ARCHITEW6432=AMD64
FPS_BROWSER_APP_PROFILE_STRING=Internet Explorer
PROCESSOR_ARCHITECTURE=x86
OS=Windows_NT
ComSpec=C:\WINDOWS\system32\cmd.exe
SystemDrive=C:
windir=C:\WINDOWS
LANG=it_IT.UTF-8
ALLUSERSPROFILE=C:\ProgramData


------------
Diagnostic: File system
Skipped: False
Success: True
Exception: None
Log:
Temporary directory is 'C:\Users\famancini\AppData\Local\Temp\'...
Checking basic file I/O...
Writing to temporary file 'C:\Users\famancini\AppData\Local\Temp\cdfa4ada810fec53ee5fda9d'... OK
Reading from temporary file 'C:\Users\famancini\AppData\Local\Temp\cdfa4ada810fec53ee5fda9d'... OK
Deleting temporary file 'C:\Users\famancini\AppData\Local\Temp\cdfa4ada810fec53ee5fda9d'... OK
Testing IFileSystem instance...
UserHomePath: C:\Users\famancini
UserDataDirectoryPath: C:\Users\famancini\.gcm
GetCurrentDirectory(): C:\dev\final\fmpa2026

------------
Diagnostic: Networking
Skipped: False
Success: True
Exception: None
Log:
Checking networking and HTTP stack...
Creating HTTP client... OK
IsNetworkAvailable: True
Sending HEAD request to http://example.com...Sending HEAD request to https://example.com... OK
 OK
Acquiring free TCP port... OK
Testing local HTTP loopback connections...
Creating new HTTP listener for http://localhost:54374/... OK
Waiting for loopback connection... OK
Writing response... OK
Waiting for response data... OK
Loopback connection data OK

------------
Diagnostic: Git
Skipped: False
Success: True
Exception: None
Log:
Getting Git version... OK
Git version is '2.42.0.windows.2'
Locating current repository... OK
Git repository at 'C:/dev/final/fmpa2026/.git'
Listing all Git configuration... OK
Git configuration:
file:C:/Program Files/Git/etc/gitconfig	diff.astextplain.textconv=astextplain
file:C:/Program Files/Git/etc/gitconfig	filter.lfs.clean=git-lfs clean -- %f
file:C:/Program Files/Git/etc/gitconfig	filter.lfs.smudge=git-lfs smudge -- %f
file:C:/Program Files/Git/etc/gitconfig	filter.lfs.process=git-lfs filter-process
file:C:/Program Files/Git/etc/gitconfig	filter.lfs.required=true
file:C:/Program Files/Git/etc/gitconfig	http.sslbackend=openssl
file:C:/Program Files/Git/etc/gitconfig	http.sslcainfo=C:/Program Files/Git/mingw64/etc/ssl/certs/ca-bundle.crt
file:C:/Program Files/Git/etc/gitconfig	core.autocrlf=true
file:C:/Program Files/Git/etc/gitconfig	core.fscache=true
file:C:/Program Files/Git/etc/gitconfig	core.symlinks=false
file:C:/Program Files/Git/etc/gitconfig	core.editor="C:\\Program Files\\Notepad++\\notepad++.exe" -multiInst -notabbar -nosession -noPlugin
file:C:/Program Files/Git/etc/gitconfig	pull.rebase=false
file:C:/Program Files/Git/etc/gitconfig	credential.helper=manager
file:C:/Program Files/Git/etc/gitconfig	credential.https://dev.azure.com.usehttppath=true
file:C:/Program Files/Git/etc/gitconfig	init.defaultbranch=master
file:C:/Users/famancini/.gitconfig	filter.lfs.required=true
file:C:/Users/famancini/.gitconfig	filter.lfs.clean=git-lfs clean -- %f
file:C:/Users/famancini/.gitconfig	filter.lfs.smudge=git-lfs smudge -- %f
file:C:/Users/famancini/.gitconfig	filter.lfs.process=git-lfs filter-process
file:C:/Users/famancini/.gitconfig	user.name=fmancinidtd
file:C:/Users/famancini/.gitconfig	user.email=143797809+fmancinidtd@users.noreply.github.com
file:C:/Users/famancini/.gitconfig	credential.helper=
file:C:/Users/famancini/.gitconfig	credential.helper=C:/Program\ Files/Git/mingw64/bin/git-credential-manager.exe
file:.git/config	core.repositoryformatversion=0
file:.git/config	core.filemode=false
file:.git/config	core.bare=false
file:.git/config	core.logallrefupdates=true
file:.git/config	core.symlinks=false
file:.git/config	core.ignorecase=true
file:.git/config	remote.origin.url=https://github.com/fausto-mancini-dtd/fmpa2026.git
file:.git/config	remote.origin.fetch=+refs/heads/*:refs/remotes/origin/*


------------
Diagnostic: Credential storage
Skipped: False
Success: True
Exception: None
Log:
ICredentialStore instance is of type: CredentialStore
Writing test credential... OK
Reading test credential... OK
Deleting test credential... OK

------------
Diagnostic: Microsoft authentication (AAD/MSA)
Skipped: False
Success: True
Exception: None
Log:
Broker is not enabled.
Flow type is: Auto
Gathering MSAL token cache data... OK
CacheDirectory: C:\Users\famancini\AppData\Local\.IdentityService
CacheFileName: msal.cache
CacheFilePath: C:\Users\famancini\AppData\Local\.IdentityService\msal.cache
Creating cache helper... OK
Verifying MSAL token cache persistence... OK

------------
Diagnostic: GitHub API
Skipped: False
Success: True
Exception: None
Log:
Using 'https://github.com/' as API target.
Querying '/meta' endpoint... OK

